<?xml version="1.0" encoding="UTF-8"?>
<!-- Generated by org.testng.reporters.JUnitXMLReporter -->
<testsuite ignored="0" hostname="Gagan-S-Ganesh" failures="0" tests="3" name="TestRunner-2" time="37.658" errors="0" timestamp="2022-09-11T00:07:58 IST">
  <testcase classname="selenium.distributedTest3" name="dbTest" time="5.231"/>
  <testcase classname="selenium.distributedTest2" name="dbTest" time="4.166"/>
  <testcase classname="selenium.distributedTest" name="dbTest" time="5.018"/>
</testsuite> <!-- TestRunner-2 -->
