<?xml version="1.0" encoding="UTF-8"?>
<!-- Generated by org.testng.reporters.JUnitXMLReporter -->
<testsuite ignored="0" hostname="Gagan-S-Ganesh" failures="0" tests="3" name="TestRunner-3" time="20.715" errors="0" timestamp="2022-09-11T00:07:41 IST">
  <testcase classname="selenium.distributedTest3" name="dbTest" time="4.282"/>
  <testcase classname="selenium.distributedTest2" name="dbTest" time="4.055"/>
  <testcase classname="selenium.distributedTest" name="dbTest" time="4.182"/>
</testsuite> <!-- TestRunner-3 -->
