<?xml version="1.0" encoding="UTF-8"?>
<!-- Generated by org.testng.reporters.JUnitXMLReporter -->
<testsuite ignored="0" hostname="Gagan-S-Ganesh" failures="0" tests="3" name="TestRunner-1" time="22.421" errors="0" timestamp="2022-09-11T00:07:42 IST">
  <testcase classname="selenium.distributedTest3" name="dbTest" time="4.176"/>
  <testcase classname="selenium.distributedTest2" name="dbTest" time="4.604"/>
  <testcase classname="selenium.distributedTest" name="dbTest" time="3.391"/>
</testsuite> <!-- TestRunner-1 -->
