<?xml version="1.0" encoding="UTF-8"?>
<testng-results ignored="0" total="2" passed="2" failed="0" skipped="0">
  <reporter-output>
  </reporter-output>
  <suite started-at="2022-09-11T01:13:44 IST" name="Suite" finished-at="2022-09-11T01:13:52 IST" duration-ms="7716">
    <groups>
    </groups>
    <test started-at="2022-09-11T01:13:44 IST" name="Test" finished-at="2022-09-11T01:13:52 IST" duration-ms="7716">
      <class name="selenium.distributedTest">
        <test-method is-config="true" signature="openBrowser(java.lang.String)[pri:0, instance:selenium.distributedTest@4bb33f74]" started-at="2022-09-11T01:13:44 IST" name="openBrowser" finished-at="2022-09-11T01:13:46 IST" duration-ms="2007" status="PASS">
          <params>
            <param index="0">
              <value>
                <![CDATA[chrome]]>
              </value>
            </param>
          </params>
          <reporter-output>
          </reporter-output>
        </test-method> <!-- openBrowser -->
        <test-method signature="dbTest()[pri:0, instance:selenium.distributedTest@4bb33f74]" started-at="2022-09-11T01:13:46 IST" name="dbTest" finished-at="2022-09-11T01:13:50 IST" duration-ms="4022" status="PASS">
          <reporter-output>
          </reporter-output>
        </test-method> <!-- dbTest -->
        <test-method signature="manager_AddCustomer()[pri:0, instance:selenium.distributedTest@4bb33f74]" started-at="2022-09-11T01:13:50 IST" name="manager_AddCustomer" finished-at="2022-09-11T01:13:52 IST" duration-ms="1448" status="PASS">
          <reporter-output>
          </reporter-output>
        </test-method> <!-- manager_AddCustomer -->
        <test-method is-config="true" signature="closeBrowser()[pri:0, instance:selenium.distributedTest@4bb33f74]" started-at="2022-09-11T01:13:52 IST" name="closeBrowser" finished-at="2022-09-11T01:13:52 IST" duration-ms="195" status="PASS">
          <reporter-output>
          </reporter-output>
        </test-method> <!-- closeBrowser -->
      </class> <!-- selenium.distributedTest -->
    </test> <!-- Test -->
  </suite> <!-- Suite -->
</testng-results>
